<?xml version="1.0" encoding="UTF-8"?>
<testsuite xmlns:xsi="http://www.w3.org/2001/XMLSchema-instance" xsi:noNamespaceSchemaLocation="https://maven.apache.org/surefire/maven-surefire-plugin/xsd/surefire-test-report.xsd" version="3.0.2" name="com.tp.F1WebSite.integrationTests.ConstructorIntegrationTests" time="5.271" tests="10" errors="0" skipped="0" failures="0" flakes="0">
  <properties>
[...]
</properties>
  <testcase name="shouldCreateConstructor" classname="com.tp.F1WebSite.integrationTests.ConstructorIntegrationTests" time="0.146">
    <system-out><![CDATA[2026-05-25T10:51:41.525+02:00  INFO 1972 --- [           main] tc.postgres:16.0                         : Creating container for image: postgres:16.0
2026-05-25T10:51:41.750+02:00  INFO 1972 --- [           main] tc.postgres:16.0                         : Container postgres:16.0 is starting: 73095a36607a013cb35f75bf2209c235aa5166f6235168b07712e6563af92a92
2026-05-25T10:51:43.713+02:00  INFO 1972 --- [           main] tc.postgres:16.0                         : Container postgres:16.0 started in PT2.1885362S
2026-05-25T10:51:43.713+02:00  INFO 1972 --- [           main] tc.postgres:16.0                         : Container is started (JDBC URL: jdbc:postgresql://localhost:49554/test?loggerLevel=OFF)
2026-05-25T10:51:43.715+02:00  INFO 1972 --- [           main] t.c.s.AnnotationConfigContextLoaderUtils : Could not detect default configuration classes for test class [com.tp.F1WebSite.integrationTests.ConstructorIntegrationTests]: ConstructorIntegrationTests does not declare any static, non-private, non-final, nested classes annotated with @Configuration.
2026-05-25T10:51:43.722+02:00  INFO 1972 --- [           main] .b.t.c.SpringBootTestContextBootstrapper : Found @SpringBootConfiguration com.tp.F1WebSite.F1WebSite for test class com.tp.F1WebSite.integrationTests.ConstructorIntegrationTests

  .   ____          _            __ _ _
 /\\ / ___'_ __ _ _(_)_ __  __ _ \ \ \ \
( ( )\___ | '_ | '_| | '_ \/ _` | \ \ \ \
 \\/  ___)| |_)| | | | | || (_| |  ) ) ) )
  '  |____| .__|_| |_|_| |_\__, | / / / /
 =========|_|==============|___/=/_/_/_/

 :: Spring Boot ::               (v3.5.14)

2026-05-25T10:51:43.756+02:00  INFO 1972 --- [           main] c.t.F.i.ConstructorIntegrationTests      : Starting ConstructorIntegrationTests using Java 21.0.11 with PID 1972 (started by julia in E:\praca\java\SpringBoot\F1WebSite)
2026-05-25T10:51:43.757+02:00  INFO 1972 --- [           main] c.t.F.i.ConstructorIntegrationTests      : No active profile set, falling back to 1 default profile: "default"
2026-05-25T10:51:44.239+02:00  INFO 1972 --- [           main] .s.d.r.c.RepositoryConfigurationDelegate : Bootstrapping Spring Data JPA repositories in DEFAULT mode.
2026-05-25T10:51:44.273+02:00  INFO 1972 --- [           main] .s.d.r.c.RepositoryConfigurationDelegate : Finished Spring Data repository scanning in 31 ms. Found 6 JPA repository interfaces.
2026-05-25T10:51:44.375+02:00  INFO 1972 --- [           main] o.s.b.w.embedded.tomcat.TomcatWebServer  : Tomcat initialized with port 0 (http)
2026-05-25T10:51:44.377+02:00  INFO 1972 --- [           main] o.apache.catalina.core.StandardService   : Starting service [Tomcat]
2026-05-25T10:51:44.378+02:00  INFO 1972 --- [           main] o.apache.catalina.core.StandardEngine    : Starting Servlet engine: [Apache Tomcat/10.1.54]
2026-05-25T10:51:44.421+02:00  INFO 1972 --- [           main] o.a.c.c.C.[Tomcat-1].[localhost].[/]     : Initializing Spring embedded WebApplicationContext
2026-05-25T10:51:44.421+02:00  INFO 1972 --- [           main] w.s.c.ServletWebServerApplicationContext : Root WebApplicationContext: initialization completed in 661 ms
2026-05-25T10:51:44.618+02:00  INFO 1972 --- [           main] o.hibernate.jpa.internal.util.LogHelper  : HHH000204: Processing PersistenceUnitInfo [name: default]
2026-05-25T10:51:44.621+02:00  INFO 1972 --- [           main] o.h.c.internal.RegionFactoryInitiator    : HHH000026: Second-level cache disabled
2026-05-25T10:51:44.638+02:00  INFO 1972 --- [           main] o.s.o.j.p.SpringPersistenceUnitInfo      : No LoadTimeWeaver setup: ignoring JPA class transformer
2026-05-25T10:51:44.639+02:00  INFO 1972 --- [           main] com.zaxxer.hikari.HikariDataSource       : HikariPool-3 - Starting...
2026-05-25T10:51:44.669+02:00  INFO 1972 --- [           main] com.zaxxer.hikari.pool.HikariPool        : HikariPool-3 - Added connection org.postgresql.jdbc.PgConnection@3fa0f38a
2026-05-25T10:51:44.669+02:00  INFO 1972 --- [           main] com.zaxxer.hikari.HikariDataSource       : HikariPool-3 - Start completed.
2026-05-25T10:51:44.682+02:00  INFO 1972 --- [           main] org.hibernate.orm.connections.pooling    : HHH10001005: Database info:
	Database JDBC URL [Connecting through datasource 'HikariDataSource (HikariPool-3)']
	Database driver: undefined/unknown
	Database version: 16.0
	Autocommit mode: undefined/unknown
	Isolation level: undefined/unknown
	Minimum pool size: undefined/unknown
	Maximum pool size: undefined/unknown
2026-05-25T10:51:44.952+02:00  INFO 1972 --- [           main] o.h.e.t.j.p.i.JtaPlatformInitiator       : HHH000489: No JTA platform available (set 'hibernate.transaction.jta.platform' to enable JTA platform integration)
Hibernate: set client_min_messages = WARNING
Hibernate: alter table if exists qualifying drop constraint if exists FK3tlgntbnmunwv1abvf4ikdbsu
Hibernate: alter table if exists qualifying drop constraint if exists FK9qbuqlyc0amua2kic7aa9gmxp
Hibernate: alter table if exists qualifying drop constraint if exists FKige4jj9hnxgtorxyqciamy92q
Hibernate: alter table if exists races drop constraint if exists FKsmryk5wkwqwa2wukhuv7amoab
Hibernate: alter table if exists results drop constraint if exists FK6tt9vhfeslwig1esl9mgx7qjt
Hibernate: alter table if exists results drop constraint if exists FK4b5gduwvw7n5e1nv2jyltbxr7
Hibernate: alter table if exists results drop constraint if exists FKm4pdqogr8t0q0239vytwxdxgw
Hibernate: drop table if exists circuits cascade
Hibernate: drop table if exists constructors cascade
Hibernate: drop table if exists drivers cascade
Hibernate: drop table if exists qualifying cascade
Hibernate: drop table if exists races cascade
Hibernate: drop table if exists results cascade
Hibernate: create table circuits (is_deleted boolean default false not null, circuit_id bigint generated by default as identity, country varchar(255) not null, name varchar(255) not null unique, url varchar(255) not null, primary key (circuit_id))
Hibernate: create table constructors (is_deleted boolean default false not null, constructor_id bigint generated by default as identity, name varchar(255) not null unique, primary key (constructor_id))
Hibernate: create table drivers (is_deleted boolean default false not null, driver_id bigint generated by default as identity, name varchar(255) not null, nationality varchar(255) not null, url varchar(255) not null unique, primary key (driver_id))
Hibernate: create table qualifying (position integer not null, constructor_id bigint not null, driver_id bigint not null, qualify_id bigint generated by default as identity, race_id bigint not null, primary key (qualify_id), unique (race_id, driver_id))
Hibernate: create table races (date date not null unique, is_deleted boolean default false not null, circuit_id bigint not null, race_id bigint generated by default as identity, name varchar(255) not null, primary key (race_id))
Hibernate: create table results (grid integer not null, points float(53) not null, position integer not null, constructor_id bigint not null, driver_id bigint not null, race_id bigint not null, result_id bigint generated by default as identity, primary key (result_id), unique (race_id, driver_id))
Hibernate: alter table if exists qualifying add constraint FK3tlgntbnmunwv1abvf4ikdbsu foreign key (constructor_id) references constructors
Hibernate: alter table if exists qualifying add constraint FK9qbuqlyc0amua2kic7aa9gmxp foreign key (driver_id) references drivers
Hibernate: alter table if exists qualifying add constraint FKige4jj9hnxgtorxyqciamy92q foreign key (race_id) references races
Hibernate: alter table if exists races add constraint FKsmryk5wkwqwa2wukhuv7amoab foreign key (circuit_id) references circuits
Hibernate: alter table if exists results add constraint FK6tt9vhfeslwig1esl9mgx7qjt foreign key (constructor_id) references constructors
Hibernate: alter table if exists results add constraint FK4b5gduwvw7n5e1nv2jyltbxr7 foreign key (driver_id) references drivers
Hibernate: alter table if exists results add constraint FKm4pdqogr8t0q0239vytwxdxgw foreign key (race_id) references races
2026-05-25T10:51:45.113+02:00  INFO 1972 --- [           main] j.LocalContainerEntityManagerFactoryBean : Initialized JPA EntityManagerFactory for persistence unit 'default'
2026-05-25T10:51:45.350+02:00  WARN 1972 --- [           main] JpaBaseConfiguration$JpaWebConfiguration : spring.jpa.open-in-view is enabled by default. Therefore, database queries may be performed during view rendering. Explicitly configure spring.jpa.open-in-view to disable this warning
2026-05-25T10:51:45.566+02:00  INFO 1972 --- [           main] o.s.b.w.embedded.tomcat.TomcatWebServer  : Tomcat started on port 49565 (http) with context path '/'
2026-05-25T10:51:45.572+02:00  INFO 1972 --- [           main] c.t.F.i.ConstructorIntegrationTests      : Started ConstructorIntegrationTests in 1.846 seconds (process running for 22.571)
2026-05-25T10:51:45.634+02:00  INFO 1972 --- [o-auto-2-exec-1] o.a.c.c.C.[Tomcat-1].[localhost].[/]     : Initializing Spring DispatcherServlet 'dispatcherServlet'
2026-05-25T10:51:45.634+02:00  INFO 1972 --- [o-auto-2-exec-1] o.s.web.servlet.DispatcherServlet        : Initializing Servlet 'dispatcherServlet'
2026-05-25T10:51:45.638+02:00  INFO 1972 --- [o-auto-2-exec-1] o.s.web.servlet.DispatcherServlet        : Completed initialization in 4 ms
Hibernate: select ce1_0.constructor_id from constructors ce1_0 where (ce1_0.is_deleted = false) and ce1_0.name=? fetch first ? rows only
Hibernate: insert into constructors (is_deleted,name) values (?,?)
]]></system-out>
  </testcase>
  <testcase name="shouldReturnConflictWhenCreatingConstructorThatAlreadyExists" classname="com.tp.F1WebSite.integrationTests.ConstructorIntegrationTests" time="0.043">
    <system-out><![CDATA[Hibernate: select ce1_0.constructor_id from constructors ce1_0 where (ce1_0.is_deleted = false) and ce1_0.name=? fetch first ? rows only
]]></system-out>
  </testcase>
  <testcase name="shouldHardDeleteConstructorWhenConstructorHasNoAnyResultsQualifying" classname="com.tp.F1WebSite.integrationTests.ConstructorIntegrationTests" time="0.052">
    <system-out><![CDATA[Hibernate: select ce1_0.constructor_id,ce1_0.is_deleted,ce1_0.name from constructors ce1_0 where ce1_0.constructor_id=? and (ce1_0.is_deleted = false)
Hibernate: select re1_0.result_id from results re1_0 left join constructors c1_0 on c1_0.constructor_id=re1_0.constructor_id and (c1_0.is_deleted = false) where c1_0.constructor_id=? fetch first ? rows only
Hibernate: select qe1_0.qualify_id from qualifying qe1_0 left join constructors c1_0 on c1_0.constructor_id=qe1_0.constructor_id and (c1_0.is_deleted = false) where c1_0.constructor_id=? fetch first ? rows only
Hibernate: delete from constructors where constructor_id=?
]]></system-out>
  </testcase>
  <testcase name="shouldReturnNotFoundWhenDeletingNonExistingConstructor" classname="com.tp.F1WebSite.integrationTests.ConstructorIntegrationTests" time="0.032">
    <system-out><![CDATA[Hibernate: select ce1_0.constructor_id,ce1_0.is_deleted,ce1_0.name from constructors ce1_0 where ce1_0.constructor_id=? and (ce1_0.is_deleted = false)
]]></system-out>
  </testcase>
  <testcase name="shouldSoftDeleteConstructorWhenConstructorHasResultsQualifying" classname="com.tp.F1WebSite.integrationTests.ConstructorIntegrationTests" time="0.037">
    <system-out><![CDATA[Hibernate: select ce1_0.constructor_id,ce1_0.is_deleted,ce1_0.name from constructors ce1_0 where ce1_0.constructor_id=? and (ce1_0.is_deleted = false)
Hibernate: select re1_0.result_id from results re1_0 left join constructors c1_0 on c1_0.constructor_id=re1_0.constructor_id and (c1_0.is_deleted = false) where c1_0.constructor_id=? fetch first ? rows only
Hibernate: update constructors set is_deleted=?,name=? where constructor_id=?
]]></system-out>
  </testcase>
  <testcase name="shouldReturnConstructorsPage" classname="com.tp.F1WebSite.integrationTests.ConstructorIntegrationTests" time="0.052">
    <system-out><![CDATA[Hibernate: select ce1_0.constructor_id,ce1_0.name,count(case when r1_0.position=1 and r2_0.is_deleted=false and c1_0.is_deleted=false and d1_0.is_deleted=false then 1 end),count(case when r2_0.is_deleted=false and c1_0.is_deleted=false then 1 end) from constructors ce1_0 left join results r1_0 on ce1_0.constructor_id=r1_0.constructor_id left join races r2_0 on r2_0.race_id=r1_0.race_id and (r2_0.is_deleted = false) left join circuits c1_0 on c1_0.circuit_id=r2_0.circuit_id and (c1_0.is_deleted = false) left join drivers d1_0 on d1_0.driver_id=r1_0.driver_id and (d1_0.is_deleted = false) where (ce1_0.is_deleted = false) and lower(ce1_0.name) like lower(('%'||?||'%')) escape '' group by ce1_0.constructor_id,ce1_0.name order by count(case when r1_0.position=1 and r2_0.is_deleted=false and c1_0.is_deleted=false and d1_0.is_deleted=false then 1 end) desc fetch first ? rows only
2026-05-25T10:51:45.927+02:00  WARN 1972 --- [o-auto-2-exec-2] ration$PageModule$WarningLoggingModifier : Serializing PageImpl instances as-is is not supported, meaning that there is no guarantee about the stability of the resulting JSON structure!
	For a stable JSON structure, please use Spring Data's PagedModel (globally via @EnableSpringDataWebSupport(pageSerializationMode = VIA_DTO))
	or Spring HATEOAS and Spring Data's PagedResourcesAssembler as documented in https://docs.spring.io/spring-data/commons/reference/repositories/core-extensions.html#core.web.pageables.

]]></system-out>
  </testcase>
  <testcase name="shouldReturnConstructorRacesPage" classname="com.tp.F1WebSite.integrationTests.ConstructorIntegrationTests" time="0.068">
    <system-out><![CDATA[Hibernate: select count(*) from constructors ce1_0 where (ce1_0.is_deleted = false) and ce1_0.constructor_id=?
Hibernate: select count(*) from constructors ce1_0 where (ce1_0.is_deleted = false) and ce1_0.constructor_id=?
Hibernate: select c2_0.name,d1_0.name,re1_0.grid,re1_0.position,re1_0.points,r1_0.date,r1_0.name,c1_0.country from results re1_0 join races r1_0 on r1_0.race_id=re1_0.race_id and (r1_0.is_deleted = false) join circuits c1_0 on c1_0.circuit_id=r1_0.circuit_id and (c1_0.is_deleted = false) join drivers d1_0 on d1_0.driver_id=re1_0.driver_id and (d1_0.is_deleted = false) join constructors c2_0 on c2_0.constructor_id=re1_0.constructor_id and (c2_0.is_deleted = false) where c2_0.constructor_id=? and lower(c1_0.country) like lower(('%'||?||'%')) escape '' order by r1_0.date desc fetch first ? rows only
]]></system-out>
  </testcase>
  <testcase name="shouldReturnConstructorAllInfo" classname="com.tp.F1WebSite.integrationTests.ConstructorIntegrationTests" time="0.048">
    <system-out><![CDATA[Hibernate: select count(*) from constructors ce1_0 where (ce1_0.is_deleted = false) and ce1_0.constructor_id=?
Hibernate: select ce1_0.name,count(case when r1_0.position=1 then 1 end),count(case when r1_0.position=2 then 1 end),count(case when r1_0.position=3 then 1 end),sum(r1_0.points),count(r1_0.result_id) from constructors ce1_0 left join results r1_0 on ce1_0.constructor_id=r1_0.constructor_id join races r2_0 on r2_0.race_id=r1_0.race_id and (r2_0.is_deleted = false) join circuits c1_0 on c1_0.circuit_id=r2_0.circuit_id and (c1_0.is_deleted = false) join drivers d1_0 on d1_0.driver_id=r1_0.driver_id and (d1_0.is_deleted = false) where (ce1_0.is_deleted = false) and ce1_0.constructor_id=? and c1_0.is_deleted=false and d1_0.is_deleted=false group by ce1_0.constructor_id,ce1_0.name
]]></system-out>
  </testcase>
  <testcase name="shouldReturnNotFoundWhenConstructorDoesNotExist" classname="com.tp.F1WebSite.integrationTests.ConstructorIntegrationTests" time="0.029">
    <system-out><![CDATA[Hibernate: select count(*) from constructors ce1_0 where (ce1_0.is_deleted = false) and ce1_0.constructor_id=?
]]></system-out>
  </testcase>
  <testcase name="shouldReturnNotFoundWhenRequestingRacesForNonExistingConstructor" classname="com.tp.F1WebSite.integrationTests.ConstructorIntegrationTests" time="0.031">
    <system-out><![CDATA[Hibernate: select count(*) from constructors ce1_0 where (ce1_0.is_deleted = false) and ce1_0.constructor_id=?
]]></system-out>
  </testcase>
</testsuite>