<?xml version="1.0" encoding="UTF-8"?>
<testsuite xmlns:xsi="http://www.w3.org/2001/XMLSchema-instance" xsi:noNamespaceSchemaLocation="https://maven.apache.org/surefire/maven-surefire-plugin/xsd/surefire-test-report.xsd" version="3.0.2" name="com.tp.F1WebSite.tests.integrationTests.HomeIntegrationTests" time="3.393" tests="2" errors="0" skipped="0" failures="0" flakes="0">
  <properties>
[...]
</properties>
  <testcase name="shouldReturnBestDriversList" classname="com.tp.F1WebSite.tests.integrationTests.HomeIntegrationTests" time="0.064">
    <system-out><![CDATA[2026-07-31T23:13:22.250+02:00  INFO 10432 --- [           main] tc.postgres:16.0                         : Creating container for image: postgres:16.0
2026-07-31T23:13:22.439+02:00  INFO 10432 --- [           main] tc.postgres:16.0                         : Container postgres:16.0 is starting: c36750f4526ec2781eec28619feb2bea38338e9573bc502d3653faec855f761f
2026-07-31T23:13:24.144+02:00  INFO 10432 --- [           main] tc.postgres:16.0                         : Container postgres:16.0 started in PT1.8942417S
2026-07-31T23:13:24.145+02:00  INFO 10432 --- [           main] tc.postgres:16.0                         : Container is started (JDBC URL: jdbc:postgresql://localhost:56272/test?loggerLevel=OFF)
2026-07-31T23:13:24.147+02:00  INFO 10432 --- [           main] t.c.s.AnnotationConfigContextLoaderUtils : Could not detect default configuration classes for test class [com.tp.F1WebSite.tests.integrationTests.HomeIntegrationTests]: HomeIntegrationTests does not declare any static, non-private, non-final, nested classes annotated with @Configuration.
2026-07-31T23:13:24.153+02:00  INFO 10432 --- [           main] .b.t.c.SpringBootTestContextBootstrapper : Found @SpringBootConfiguration com.tp.F1WebSite.F1WebSite for test class com.tp.F1WebSite.tests.integrationTests.HomeIntegrationTests

  .   ____          _            __ _ _
 /\\ / ___'_ __ _ _(_)_ __  __ _ \ \ \ \
( ( )\___ | '_ | '_| | '_ \/ _` | \ \ \ \
 \\/  ___)| |_)| | | | | || (_| |  ) ) ) )
  '  |____| .__|_| |_|_| |_\__, | / / / /
 =========|_|==============|___/=/_/_/_/

 :: Spring Boot ::               (v3.5.14)

2026-07-31T23:13:24.171+02:00  INFO 10432 --- [           main] c.t.F.t.i.HomeIntegrationTests           : Starting HomeIntegrationTests using Java 21.0.11 with PID 10432 (started by julia in E:\praca\java\SpringBoot\JSGrandPrixHub)
2026-07-31T23:13:24.171+02:00  INFO 10432 --- [           main] c.t.F.t.i.HomeIntegrationTests           : No active profile set, falling back to 1 default profile: "default"
2026-07-31T23:13:24.356+02:00  INFO 10432 --- [           main] .s.d.r.c.RepositoryConfigurationDelegate : Bootstrapping Spring Data JPA repositories in DEFAULT mode.
2026-07-31T23:13:24.381+02:00  INFO 10432 --- [           main] .s.d.r.c.RepositoryConfigurationDelegate : Finished Spring Data repository scanning in 24 ms. Found 7 JPA repository interfaces.
2026-07-31T23:13:24.445+02:00  INFO 10432 --- [           main] o.s.b.w.embedded.tomcat.TomcatWebServer  : Tomcat initialized with port 0 (http)
2026-07-31T23:13:24.446+02:00  INFO 10432 --- [           main] o.apache.catalina.core.StandardService   : Starting service [Tomcat]
2026-07-31T23:13:24.446+02:00  INFO 10432 --- [           main] o.apache.catalina.core.StandardEngine    : Starting Servlet engine: [Apache Tomcat/10.1.54]
2026-07-31T23:13:24.482+02:00  INFO 10432 --- [           main] o.a.c.c.C.[Tomcat-4].[localhost].[/]     : Initializing Spring embedded WebApplicationContext
2026-07-31T23:13:24.483+02:00  INFO 10432 --- [           main] w.s.c.ServletWebServerApplicationContext : Root WebApplicationContext: initialization completed in 311 ms
2026-07-31T23:13:24.564+02:00  INFO 10432 --- [           main] o.hibernate.jpa.internal.util.LogHelper  : HHH000204: Processing PersistenceUnitInfo [name: default]
2026-07-31T23:13:24.567+02:00  INFO 10432 --- [           main] o.h.c.internal.RegionFactoryInitiator    : HHH000026: Second-level cache disabled
2026-07-31T23:13:24.574+02:00  INFO 10432 --- [           main] o.s.o.j.p.SpringPersistenceUnitInfo      : No LoadTimeWeaver setup: ignoring JPA class transformer
2026-07-31T23:13:24.574+02:00  INFO 10432 --- [           main] com.zaxxer.hikari.HikariDataSource       : HikariPool-6 - Starting...
2026-07-31T23:13:24.594+02:00  INFO 10432 --- [           main] com.zaxxer.hikari.pool.HikariPool        : HikariPool-6 - Added connection org.postgresql.jdbc.PgConnection@51474bb1
2026-07-31T23:13:24.594+02:00  INFO 10432 --- [           main] com.zaxxer.hikari.HikariDataSource       : HikariPool-6 - Start completed.
2026-07-31T23:13:24.602+02:00  INFO 10432 --- [           main] org.hibernate.orm.connections.pooling    : HHH10001005: Database info:
	Database JDBC URL [Connecting through datasource 'HikariDataSource (HikariPool-6)']
	Database driver: undefined/unknown
	Database version: 16.0
	Autocommit mode: undefined/unknown
	Isolation level: undefined/unknown
	Minimum pool size: undefined/unknown
	Maximum pool size: undefined/unknown
2026-07-31T23:13:24.678+02:00  INFO 10432 --- [           main] o.h.e.t.j.p.i.JtaPlatformInitiator       : HHH000489: No JTA platform available (set 'hibernate.transaction.jta.platform' to enable JTA platform integration)
Hibernate: set client_min_messages = WARNING
Hibernate: alter table if exists qualifying drop constraint if exists FK3tlgntbnmunwv1abvf4ikdbsu
Hibernate: alter table if exists qualifying drop constraint if exists FK9qbuqlyc0amua2kic7aa9gmxp
Hibernate: alter table if exists qualifying drop constraint if exists FKige4jj9hnxgtorxyqciamy92q
Hibernate: alter table if exists races drop constraint if exists FKsmryk5wkwqwa2wukhuv7amoab
Hibernate: alter table if exists results drop constraint if exists FK6tt9vhfeslwig1esl9mgx7qjt
Hibernate: alter table if exists results drop constraint if exists FK4b5gduwvw7n5e1nv2jyltbxr7
Hibernate: alter table if exists results drop constraint if exists FKm4pdqogr8t0q0239vytwxdxgw
Hibernate: drop table if exists circuits cascade
Hibernate: drop table if exists constructors cascade
Hibernate: drop table if exists drivers cascade
Hibernate: drop table if exists qualifying cascade
Hibernate: drop table if exists races cascade
Hibernate: drop table if exists results cascade
Hibernate: drop table if exists users cascade
Hibernate: create table circuits (is_deleted boolean default false not null, circuit_id bigint generated by default as identity, country varchar(255) not null, name varchar(255) not null unique, url varchar(255) not null, primary key (circuit_id))
Hibernate: create table constructors (is_deleted boolean default false not null, constructor_id bigint generated by default as identity, name varchar(255) not null unique, primary key (constructor_id))
Hibernate: create table drivers (is_deleted boolean default false not null, driver_id bigint generated by default as identity, name varchar(255) not null, nationality varchar(255) not null, url varchar(255) not null unique, primary key (driver_id))
Hibernate: create table qualifying (position integer not null, constructor_id bigint not null, driver_id bigint not null, qualify_id bigint generated by default as identity, race_id bigint not null, primary key (qualify_id), unique (race_id, driver_id))
Hibernate: create table races (date date not null unique, is_deleted boolean default false not null, circuit_id bigint not null, race_id bigint generated by default as identity, name varchar(255) not null, primary key (race_id))
Hibernate: create table results (grid integer not null, points float(53) not null, position integer not null, constructor_id bigint not null, driver_id bigint not null, race_id bigint not null, result_id bigint generated by default as identity, primary key (result_id), unique (race_id, driver_id))
Hibernate: create table users (id bigint generated by default as identity, email varchar(255) not null unique, firstname varchar(255) not null, lastname varchar(255) not null, password varchar(255) not null, role varchar(255) not null check (role in ('ROLE_USER','ROLE_EMPLOYEE')), primary key (id))
Hibernate: alter table if exists qualifying add constraint FK3tlgntbnmunwv1abvf4ikdbsu foreign key (constructor_id) references constructors
Hibernate: alter table if exists qualifying add constraint FK9qbuqlyc0amua2kic7aa9gmxp foreign key (driver_id) references drivers
Hibernate: alter table if exists qualifying add constraint FKige4jj9hnxgtorxyqciamy92q foreign key (race_id) references races
Hibernate: alter table if exists races add constraint FKsmryk5wkwqwa2wukhuv7amoab foreign key (circuit_id) references circuits
Hibernate: alter table if exists results add constraint FK6tt9vhfeslwig1esl9mgx7qjt foreign key (constructor_id) references constructors
Hibernate: alter table if exists results add constraint FK4b5gduwvw7n5e1nv2jyltbxr7 foreign key (driver_id) references drivers
Hibernate: alter table if exists results add constraint FKm4pdqogr8t0q0239vytwxdxgw foreign key (race_id) references races
2026-07-31T23:13:24.731+02:00  INFO 10432 --- [           main] j.LocalContainerEntityManagerFactoryBean : Initialized JPA EntityManagerFactory for persistence unit 'default'
2026-07-31T23:13:24.759+02:00  INFO 10432 --- [           main] r$InitializeUserDetailsManagerConfigurer : Global AuthenticationManager configured with UserDetailsService bean with name customUserDetailsService
2026-07-31T23:13:24.844+02:00  WARN 10432 --- [           main] JpaBaseConfiguration$JpaWebConfiguration : spring.jpa.open-in-view is enabled by default. Therefore, database queries may be performed during view rendering. Explicitly configure spring.jpa.open-in-view to disable this warning
2026-07-31T23:13:24.949+02:00  INFO 10432 --- [           main] o.s.b.w.embedded.tomcat.TomcatWebServer  : Tomcat started on port 56279 (http) with context path '/'
2026-07-31T23:13:24.951+02:00  INFO 10432 --- [           main] c.t.F.t.i.HomeIntegrationTests           : Started HomeIntegrationTests in 0.796 seconds (process running for 36.512)
2026-07-31T23:13:24.981+02:00  INFO 10432 --- [o-auto-5-exec-1] o.a.c.c.C.[Tomcat-4].[localhost].[/]     : Initializing Spring DispatcherServlet 'dispatcherServlet'
2026-07-31T23:13:24.982+02:00  INFO 10432 --- [o-auto-5-exec-1] o.s.web.servlet.DispatcherServlet        : Initializing Servlet 'dispatcherServlet'
2026-07-31T23:13:24.982+02:00  INFO 10432 --- [o-auto-5-exec-1] o.s.web.servlet.DispatcherServlet        : Completed initialization in 0 ms
Hibernate: select ue1_0.id,ue1_0.email,ue1_0.firstname,ue1_0.lastname,ue1_0.password,ue1_0.role from users ue1_0 where ue1_0.email=?
Hibernate: select de1_0.driver_id,de1_0.name,count(case when r1_0.position=1 and r2_0.is_deleted=false and c1_0.is_deleted=false and c2_0.is_deleted=false then 1 end),count(case when r2_0.is_deleted=false and c1_0.is_deleted=false then 1 end) from drivers de1_0 left join results r1_0 on de1_0.driver_id=r1_0.driver_id left join races r2_0 on r2_0.race_id=r1_0.race_id and (r2_0.is_deleted = false) left join circuits c1_0 on c1_0.circuit_id=r2_0.circuit_id and (c1_0.is_deleted = false) left join constructors c2_0 on c2_0.constructor_id=r1_0.constructor_id and (c2_0.is_deleted = false) where (de1_0.is_deleted = false) and lower(de1_0.name) like lower(('%'||?||'%')) escape '' group by de1_0.driver_id,de1_0.name order by count(case when r1_0.position=1 and r2_0.is_deleted=false and c1_0.is_deleted=false and c2_0.is_deleted=false then 1 end) desc fetch first ? rows only
Hibernate: select ce1_0.constructor_id,ce1_0.name,count(case when r1_0.position=1 and r2_0.is_deleted=false and c1_0.is_deleted=false and d1_0.is_deleted=false then 1 end),count(case when r2_0.is_deleted=false and c1_0.is_deleted=false then 1 end) from constructors ce1_0 left join results r1_0 on ce1_0.constructor_id=r1_0.constructor_id left join races r2_0 on r2_0.race_id=r1_0.race_id and (r2_0.is_deleted = false) left join circuits c1_0 on c1_0.circuit_id=r2_0.circuit_id and (c1_0.is_deleted = false) left join drivers d1_0 on d1_0.driver_id=r1_0.driver_id and (d1_0.is_deleted = false) where (ce1_0.is_deleted = false) and lower(ce1_0.name) like lower(('%'||?||'%')) escape '' group by ce1_0.constructor_id,ce1_0.name order by count(case when r1_0.position=1 and r2_0.is_deleted=false and c1_0.is_deleted=false and d1_0.is_deleted=false then 1 end) desc fetch first ? rows only
]]></system-out>
  </testcase>
  <testcase name="shouldReturnBestConstructorsList" classname="com.tp.F1WebSite.tests.integrationTests.HomeIntegrationTests" time="0.043">
    <system-out><![CDATA[Hibernate: select ue1_0.id,ue1_0.email,ue1_0.firstname,ue1_0.lastname,ue1_0.password,ue1_0.role from users ue1_0 where ue1_0.email=?
Hibernate: select de1_0.driver_id,de1_0.name,count(case when r1_0.position=1 and r2_0.is_deleted=false and c1_0.is_deleted=false and c2_0.is_deleted=false then 1 end),count(case when r2_0.is_deleted=false and c1_0.is_deleted=false then 1 end) from drivers de1_0 left join results r1_0 on de1_0.driver_id=r1_0.driver_id left join races r2_0 on r2_0.race_id=r1_0.race_id and (r2_0.is_deleted = false) left join circuits c1_0 on c1_0.circuit_id=r2_0.circuit_id and (c1_0.is_deleted = false) left join constructors c2_0 on c2_0.constructor_id=r1_0.constructor_id and (c2_0.is_deleted = false) where (de1_0.is_deleted = false) and lower(de1_0.name) like lower(('%'||?||'%')) escape '' group by de1_0.driver_id,de1_0.name order by count(case when r1_0.position=1 and r2_0.is_deleted=false and c1_0.is_deleted=false and c2_0.is_deleted=false then 1 end) desc fetch first ? rows only
Hibernate: select ce1_0.constructor_id,ce1_0.name,count(case when r1_0.position=1 and r2_0.is_deleted=false and c1_0.is_deleted=false and d1_0.is_deleted=false then 1 end),count(case when r2_0.is_deleted=false and c1_0.is_deleted=false then 1 end) from constructors ce1_0 left join results r1_0 on ce1_0.constructor_id=r1_0.constructor_id left join races r2_0 on r2_0.race_id=r1_0.race_id and (r2_0.is_deleted = false) left join circuits c1_0 on c1_0.circuit_id=r2_0.circuit_id and (c1_0.is_deleted = false) left join drivers d1_0 on d1_0.driver_id=r1_0.driver_id and (d1_0.is_deleted = false) where (ce1_0.is_deleted = false) and lower(ce1_0.name) like lower(('%'||?||'%')) escape '' group by ce1_0.constructor_id,ce1_0.name order by count(case when r1_0.position=1 and r2_0.is_deleted=false and c1_0.is_deleted=false and d1_0.is_deleted=false then 1 end) desc fetch first ? rows only
]]></system-out>
  </testcase>
</testsuite>